<?xml version="1.0" encoding="UTF-8"?>
<!-- Generated by org.testng.reporters.JUnitXMLReporter -->
<testsuite hostname="User-PC" name="Test" tests="2" failures="0" timestamp="23 Jan 2018 06:54:25 GMT" time="61.367" errors="0">
  <testcase name="@BeforeMethod executingBeforeMethod" time="0.0" classname="com.powerhouse.loginLogOutTest.LoginAndLogOut">
    <failure type="org.openqa.selenium.UnhandledAlertException" message="Unexpected modal dialog (text: 0): 0
Build info: version: &amp;apos;2.51.0&amp;apos;, revision: &amp;apos;1af067dbcaedd7d2ab9af5151fc471d363d97193&amp;apos;, time: &amp;apos;2016-02-05 11:20:57&amp;apos;
System info: host: &amp;apos;User-PC&amp;apos;, ip: &amp;apos;192.168.1.3&amp;apos;, os.name: &amp;apos;Windows 7&amp;apos;, os.arch: &amp;apos;amd64&amp;apos;, os.version: &amp;apos;6.1&amp;apos;, java.version: &amp;apos;1.8.0_144&amp;apos;
Driver info: org.openqa.selenium.firefox.FirefoxDriver
Capabilities [{applicationCacheEnabled=true, rotatable=false, handlesAlerts=true, databaseEnabled=true, version=42.0, platform=WINDOWS, nativeEvents=false, acceptSslCerts=true, webStorageEnabled=true, locationContextEnabled=true, browserName=firefox, takesScreenshot=true, javascriptEnabled=true, cssSelectorsEnabled=true}]
Session ID: bfa46fb0-a577-4e1c-a389-3b576df12084">
      <![CDATA[org.openqa.selenium.UnhandledAlertException: Unexpected modal dialog (text: 0): 0
Build info: version: '2.51.0', revision: '1af067dbcaedd7d2ab9af5151fc471d363d97193', time: '2016-02-05 11:20:57'
System info: host: 'User-PC', ip: '192.168.1.3', os.name: 'Windows 7', os.arch: 'amd64', os.version: '6.1', java.version: '1.8.0_144'
Driver info: org.openqa.selenium.firefox.FirefoxDriver
Capabilities [{applicationCacheEnabled=true, rotatable=false, handlesAlerts=true, databaseEnabled=true, version=42.0, platform=WINDOWS, nativeEvents=false, acceptSslCerts=true, webStorageEnabled=true, locationContextEnabled=true, browserName=firefox, takesScreenshot=true, javascriptEnabled=true, cssSelectorsEnabled=true}]
Session ID: bfa46fb0-a577-4e1c-a389-3b576df12084
	at org.openqa.selenium.remote.ErrorHandler.createThrowable(ErrorHandler.java:206)
	at org.openqa.selenium.remote.ErrorHandler.createUnhandledAlertException(ErrorHandler.java:187)
	at org.openqa.selenium.remote.ErrorHandler.throwIfResponseFailed(ErrorHandler.java:154)
	at org.openqa.selenium.remote.RemoteWebDriver.execute(RemoteWebDriver.java:678)
	at org.openqa.selenium.remote.RemoteWebDriver$RemoteWebDriverOptions$RemoteWindow.maximize(RemoteWebDriver.java:945)
	at com.powerhouse.loginLogOutTest.LoginAndLogOut.executingBeforeMethod(LoginAndLogOut.java:56)
... Removed 30 stack frames]]>
    </failure>
  </testcase> <!-- @BeforeMethod executingBeforeMethod -->
  <testcase name="@AfterMethod exeCutingAfterMethod" time="0.0" classname="com.powerhouse.loginLogOutTest.LoginAndLogOut">
    <skipped/>
  </testcase> <!-- @AfterMethod exeCutingAfterMethod -->
  <testcase name="@AfterClass tearDown" time="0.0" classname="com.powerhouse.loginLogOutTest.LoginAndLogOut">
    <skipped/>
  </testcase> <!-- @AfterClass tearDown -->
  <testcase name="logInWithFaceBook" time="13.452" classname="com.powerhouse.loginLogOutTest.LoginAndLogOut"/>
  <testcase name="logInWithGoogle" time="0.001" classname="com.powerhouse.loginLogOutTest.LoginAndLogOut">
    <skipped/>
  </testcase> <!-- logInWithGoogle -->
</testsuite> <!-- Test -->
